Using pre-set license
Built from '2021.1/staging' branch; Version is '2021.1.14f1 (51d2f824827f) revision 5362424'; Using compiler version '192528614'; Build Type 'Release'
OS: 'Windows 10 Pro; OS build 19042.1052; Version 2009; 64bit' Language: 'ru' Physical Memory: 16332 MB
BatchMode: 1, IsHumanControllingUs: 0, StartBugReporterOnCrash: 0, Is64bit: 1, IsPro: 0

 COMMAND LINE ARGUMENTS:
D:\UnityEditors\2021.1.14f1\Editor\Unity.exe
-adb2
-batchMode
-noUpm
-name
AssetImportWorker0
-projectPath
D:/GithubRepositories/Stories of bachelors and magicians
-logFile
Logs/AssetImportWorker0.log
-srvPort
51158
Successfully changed project path to: D:/GithubRepositories/Stories of bachelors and magicians
D:/GithubRepositories/Stories of bachelors and magicians
Using Asset Import Pipeline V2.
Refreshing native plugins compatible for Editor in 113.95 ms, found 3 plugins.
Preloading 0 native plugins for Editor in 0.00 ms.
Initialize engine version: 2021.1.14f1 (51d2f824827f)
[Subsystems] Discovering subsystems at path D:/UnityEditors/2021.1.14f1/Editor/Data/Resources/UnitySubsystems
[Subsystems] Discovering subsystems at path D:/GithubRepositories/Stories of bachelors and magicians/Assets
GfxDevice: creating device client; threaded=0; jobified=0
Direct3D:
    Version:  Direct3D 11.0 [level 11.1]
    Renderer: NVIDIA GeForce GTX 1660 SUPER (ID=0x21c4)
    Vendor:   NVIDIA
    VRAM:     5991 MB
    Driver:   27.21.14.6677
Initialize mono
Mono path[0] = 'D:/UnityEditors/2021.1.14f1/Editor/Data/Managed'
Mono path[1] = 'D:/UnityEditors/2021.1.14f1/Editor/Data/MonoBleedingEdge/lib/mono/unityjit'
Mono config path = 'D:/UnityEditors/2021.1.14f1/Editor/Data/MonoBleedingEdge/etc'
Using monoOptions --debugger-agent=transport=dt_socket,embedding=1,server=y,suspend=n,address=127.0.0.1:56976
Begin MonoManager ReloadAssembly
Registering precompiled unity dll's ...
Register platform support module: D:/UnityEditors/2021.1.14f1/Editor/Data/PlaybackEngines/WindowsStandaloneSupport/UnityEditor.WindowsStandalone.Extensions.dll
Registered in 0.001125 seconds.
Native extension for WindowsStandalone target not found
Refreshing native plugins compatible for Editor in 110.84 ms, found 3 plugins.
Preloading 0 native plugins for Editor in 0.00 ms.
Mono: successfully reloaded assembly
- Completed reload, in  1.120 seconds
Domain Reload Profiling:
	ReloadAssembly (1120ms)
		BeginReloadAssembly (55ms)
			ExecutionOrderSort (0ms)
			DisableScriptedObjects (0ms)
			BackupInstance (0ms)
			ReleaseScriptingObjects (0ms)
			CreateAndSetChildDomain (1ms)
		EndReloadAssembly (521ms)
			LoadAssemblies (54ms)
			RebuildTransferFunctionScriptingTraits (0ms)
			SetupTypeCache (180ms)
			ReleaseScriptCaches (0ms)
			RebuildScriptCaches (30ms)
			SetupLoadedEditorAssemblies (263ms)
				LogAssemblyErrors (0ms)
				InitializePlatformSupportModulesInManaged (6ms)
				SetLoadedEditorAssemblies (0ms)
				RefreshPlugins (111ms)
				BeforeProcessingInitializeOnLoad (1ms)
				ProcessInitializeOnLoadAttributes (110ms)
				ProcessInitializeOnLoadMethodAttributes (34ms)
				AfterProcessingInitializeOnLoad (0ms)
				EditorAssembliesLoaded (0ms)
			ExecutionOrderSort2 (0ms)
			AwakeInstancesAfterBackupRestoration (0ms)
Platform modules already initialized, skipping
Registering precompiled user dll's ...
Registered in 0.004591 seconds.
Begin MonoManager ReloadAssembly
Symbol file LoadedFromMemory doesn't match image D:\GithubRepositories\Stories of bachelors and magicians\Library\PackageCache\com.unity.visualscripting@1.6.1\Editor\VisualScripting.Core\Dependencies\YamlDotNet\Unity.VisualScripting.YamlDotNet.dll
Symbol file LoadedFromMemory doesn't match image D:\GithubRepositories\Stories of bachelors and magicians\Library\PackageCache\com.unity.visualscripting@1.6.1\Editor\VisualScripting.Core\Dependencies\DotNetZip\Unity.VisualScripting.IonicZip.dll
Native extension for WindowsStandalone target not found
Refreshing native plugins compatible for Editor in 112.45 ms, found 3 plugins.
Preloading 0 native plugins for Editor in 0.00 ms.
Mono: successfully reloaded assembly
- Completed reload, in  1.353 seconds
Domain Reload Profiling:
	ReloadAssembly (1353ms)
		BeginReloadAssembly (155ms)
			ExecutionOrderSort (0ms)
			DisableScriptedObjects (5ms)
			BackupInstance (0ms)
			ReleaseScriptingObjects (0ms)
			CreateAndSetChildDomain (21ms)
		EndReloadAssembly (1137ms)
			LoadAssemblies (93ms)
			RebuildTransferFunctionScriptingTraits (0ms)
			SetupTypeCache (394ms)
			ReleaseScriptCaches (1ms)
			RebuildScriptCaches (59ms)
			SetupLoadedEditorAssemblies (474ms)
				LogAssemblyErrors (0ms)
				InitializePlatformSupportModulesInManaged (4ms)
				SetLoadedEditorAssemblies (0ms)
				RefreshPlugins (113ms)
				BeforeProcessingInitializeOnLoad (94ms)
				ProcessInitializeOnLoadAttributes (254ms)
				ProcessInitializeOnLoadMethodAttributes (5ms)
				AfterProcessingInitializeOnLoad (3ms)
				EditorAssembliesLoaded (0ms)
			ExecutionOrderSort2 (0ms)
			AwakeInstancesAfterBackupRestoration (7ms)
Platform modules already initialized, skipping
========================================================================
Worker process is ready to serve import requests
Launched and connected shader compiler UnityShaderCompiler.exe after 0.04 seconds
Refreshing native plugins compatible for Editor in 0.72 ms, found 3 plugins.
Preloading 0 native plugins for Editor in 0.00 ms.
Unloading 4353 Unused Serialized files (Serialized files now loaded: 0)
System memory in use before: 170.5 MB.
System memory in use after: 170.7 MB.

Unloading 22 unused Assets to reduce memory usage. Loaded Objects now: 4803.
Total: 2.593300 ms (FindLiveObjects: 0.302800 ms CreateObjectMapping: 0.104400 ms MarkObjects: 2.116300 ms  DeleteObjects: 0.068600 ms)

AssetImportParameters requested are different than current active one (requested -> active):
  custom:framework-win-MediaFoundation: 216162199b28c13a410421893ffa2e32 -> 
  custom:video-decoder-ogg-theora: a1e56fd34408186e4bbccfd4996cb3dc -> 
  custom:container-muxer-webm: aa71ff27fc2769a1b78a27578f13a17b -> 
  custom:container-demuxer-webm: 4f35f7cbe854078d1ac9338744f61a02 -> 
  custom:container-demuxer-ogg: 62fdf1f143b41e24485cea50d1cbac27 -> 
  custom:video-encoder-webm-vp8: eb34c28f22e8b96e1ab97ce403110664 -> 
  custom:video-decoder-webm-vp8: 9c59270c3fd7afecdb556c50c9e8de78 -> 
  custom:audio-decoder-ogg-vorbis: bf7c407c2cedff20999df2af8eb42d56 -> 
  custom:audio-encoder-webm-vorbis: bf7c407c2cedff20999df2af8eb42d56 -> 
========================================================================
Received Import Request.
  path: Assets/Scripts/Managment Game/Random Events System/IRandomEvent.cs
  artifactKey: Guid(09555f1dcf9e97f4583cf750829ffb40) Importer(815301076,1909f56bfc062723c751e8b465ee728b)
Start importing Assets/Scripts/Managment Game/Random Events System/IRandomEvent.cs using Guid(09555f1dcf9e97f4583cf750829ffb40) Importer(815301076,1909f56bfc062723c751e8b465ee728b)  -> (artifact id: 'c619b6ed727cf8b2e44674bc4ba9c60c') in 0.106429 seconds 
========================================================================
Received Import Request.
  Time since last request: 133.288820 seconds.
  path: Assets/Scripts/Managment Game/Random Events System/BreakUp.cs
  artifactKey: Guid(fed90e65f42bc714ca2c784db0402fae) Importer(815301076,1909f56bfc062723c751e8b465ee728b)
Start importing Assets/Scripts/Managment Game/Random Events System/BreakUp.cs using Guid(fed90e65f42bc714ca2c784db0402fae) Importer(815301076,1909f56bfc062723c751e8b465ee728b)  -> (artifact id: 'cb1a6d10b259f88163f50a9ecf19a047') in 0.006713 seconds 
========================================================================
Received Import Request.
  Time since last request: 121.878070 seconds.
  path: Assets/Scripts/Managment Game/Random Events System/BreakUp.cs
  artifactKey: Guid(fed90e65f42bc714ca2c784db0402fae) Importer(815301076,1909f56bfc062723c751e8b465ee728b)
Start importing Assets/Scripts/Managment Game/Random Events System/BreakUp.cs using Guid(fed90e65f42bc714ca2c784db0402fae) Importer(815301076,1909f56bfc062723c751e8b465ee728b)  -> (artifact id: '1c6efbea4fb6ba6a5e3fed14be5172a8') in 0.002297 seconds 
========================================================================
Received Import Request.
  Time since last request: 26.412505 seconds.
  path: Assets/Scripts/Managment Game/Random Events System/BreakUp.cs
  artifactKey: Guid(fed90e65f42bc714ca2c784db0402fae) Importer(815301076,1909f56bfc062723c751e8b465ee728b)
Start importing Assets/Scripts/Managment Game/Random Events System/BreakUp.cs using Guid(fed90e65f42bc714ca2c784db0402fae) Importer(815301076,1909f56bfc062723c751e8b465ee728b)  -> (artifact id: '4691de56d76a48b2e6852b98c742cfe1') in 0.002708 seconds 
========================================================================
Received Import Request.
  Time since last request: 4.068539 seconds.
  path: Assets/Scripts/Managment Game/Random Events System/BreakUp.cs
  artifactKey: Guid(fed90e65f42bc714ca2c784db0402fae) Importer(815301076,1909f56bfc062723c751e8b465ee728b)
Start importing Assets/Scripts/Managment Game/Random Events System/BreakUp.cs using Guid(fed90e65f42bc714ca2c784db0402fae) Importer(815301076,1909f56bfc062723c751e8b465ee728b)  -> (artifact id: '66a4c4aa7901ac50503b9c3010a2430a') in 0.002385 seconds 
========================================================================
Received Import Request.
  Time since last request: 35.270598 seconds.
  path: Assets/Scripts/Managment Game/Random Events System/BreakUp.cs
  artifactKey: Guid(fed90e65f42bc714ca2c784db0402fae) Importer(815301076,1909f56bfc062723c751e8b465ee728b)
Start importing Assets/Scripts/Managment Game/Random Events System/BreakUp.cs using Guid(fed90e65f42bc714ca2c784db0402fae) Importer(815301076,1909f56bfc062723c751e8b465ee728b)  -> (artifact id: 'c71b64aba5390a54dd59498e75d8b6dc') in 0.001825 seconds 
========================================================================
Received Import Request.
  Time since last request: 44.125116 seconds.
  path: Assets/Scripts/Managment Game/Random Events System/BreakUp.cs
  artifactKey: Guid(fed90e65f42bc714ca2c784db0402fae) Importer(815301076,1909f56bfc062723c751e8b465ee728b)
Start importing Assets/Scripts/Managment Game/Random Events System/BreakUp.cs using Guid(fed90e65f42bc714ca2c784db0402fae) Importer(815301076,1909f56bfc062723c751e8b465ee728b)  -> (artifact id: '59512414557a38d184fd6a18e246c230') in 0.002203 seconds 
========================================================================
Received Import Request.
  Time since last request: 58.263364 seconds.
  path: Assets/Scripts/Managment Game/Random Events System/BreakUp.cs
  artifactKey: Guid(fed90e65f42bc714ca2c784db0402fae) Importer(815301076,1909f56bfc062723c751e8b465ee728b)
Start importing Assets/Scripts/Managment Game/Random Events System/BreakUp.cs using Guid(fed90e65f42bc714ca2c784db0402fae) Importer(815301076,1909f56bfc062723c751e8b465ee728b)  -> (artifact id: 'e78da2f45995bedfbd50e42f3945958d') in 0.002893 seconds 
========================================================================
Received Import Request.
  Time since last request: 5.576150 seconds.
  path: Assets/Scripts/Managment Game/Random Events System/BreakUp.cs
  artifactKey: Guid(fed90e65f42bc714ca2c784db0402fae) Importer(815301076,1909f56bfc062723c751e8b465ee728b)
Start importing Assets/Scripts/Managment Game/Random Events System/BreakUp.cs using Guid(fed90e65f42bc714ca2c784db0402fae) Importer(815301076,1909f56bfc062723c751e8b465ee728b)  -> (artifact id: '111e80ddfccbc8f63ae904b21a41c95c') in 0.001999 seconds 
========================================================================
Received Import Request.
  Time since last request: 7.058121 seconds.
  path: Assets/Scripts/Managment Game/Random Events System/BreakUpRandomEvent.cs
  artifactKey: Guid(fed90e65f42bc714ca2c784db0402fae) Importer(815301076,1909f56bfc062723c751e8b465ee728b)
Start importing Assets/Scripts/Managment Game/Random Events System/BreakUpRandomEvent.cs using Guid(fed90e65f42bc714ca2c784db0402fae) Importer(815301076,1909f56bfc062723c751e8b465ee728b)  -> (artifact id: '63f36b756c1d9608b4bad57042dfe0e3') in 0.006484 seconds 
========================================================================
Received Import Request.
  Time since last request: 74.023927 seconds.
  path: Assets/Scripts/Managment Game/Random Events System/BreakUpRandomEvent.cs
  artifactKey: Guid(fed90e65f42bc714ca2c784db0402fae) Importer(815301076,1909f56bfc062723c751e8b465ee728b)
Start importing Assets/Scripts/Managment Game/Random Events System/BreakUpRandomEvent.cs using Guid(fed90e65f42bc714ca2c784db0402fae) Importer(815301076,1909f56bfc062723c751e8b465ee728b)  -> (artifact id: '80b018f16b50729d33897ff5cf3587ca') in 0.002070 seconds 
========================================================================
Received Import Request.
  Time since last request: 3.318581 seconds.
  path: Assets/Scripts/Managment Game/Random Events System/CockRoaches.cs
  artifactKey: Guid(48005e19793d21c4ebcd6f3fdf262a3b) Importer(815301076,1909f56bfc062723c751e8b465ee728b)
Start importing Assets/Scripts/Managment Game/Random Events System/CockRoaches.cs using Guid(48005e19793d21c4ebcd6f3fdf262a3b) Importer(815301076,1909f56bfc062723c751e8b465ee728b)  -> (artifact id: '4134fb67f69667f806bbc7a87278c09c') in 0.006299 seconds 
========================================================================
Received Import Request.
  Time since last request: 29.588250 seconds.
  path: Assets/Scripts/Managment Game/Random Events System/CockRoaches.cs
  artifactKey: Guid(48005e19793d21c4ebcd6f3fdf262a3b) Importer(815301076,1909f56bfc062723c751e8b465ee728b)
Start importing Assets/Scripts/Managment Game/Random Events System/CockRoaches.cs using Guid(48005e19793d21c4ebcd6f3fdf262a3b) Importer(815301076,1909f56bfc062723c751e8b465ee728b)  -> (artifact id: '4da9d6fa4a07c90e754a04133c4640bd') in 0.002067 seconds 
========================================================================
Received Import Request.
  Time since last request: 37.540521 seconds.
  path: Assets/Scripts/Managment Game/Random Events System/CockRoaches.cs
  artifactKey: Guid(48005e19793d21c4ebcd6f3fdf262a3b) Importer(815301076,1909f56bfc062723c751e8b465ee728b)
Start importing Assets/Scripts/Managment Game/Random Events System/CockRoaches.cs using Guid(48005e19793d21c4ebcd6f3fdf262a3b) Importer(815301076,1909f56bfc062723c751e8b465ee728b)  -> (artifact id: '8af0dc025fd7962123ce642cfd992435') in 0.002056 seconds 
========================================================================
Received Import Request.
  Time since last request: 5.975333 seconds.
  path: Assets/Scripts/Managment Game/Random Events System/CockRoaches.cs
  artifactKey: Guid(48005e19793d21c4ebcd6f3fdf262a3b) Importer(815301076,1909f56bfc062723c751e8b465ee728b)
Start importing Assets/Scripts/Managment Game/Random Events System/CockRoaches.cs using Guid(48005e19793d21c4ebcd6f3fdf262a3b) Importer(815301076,1909f56bfc062723c751e8b465ee728b)  -> (artifact id: '93505f930450e8884f5b694a4def05ae') in 0.001972 seconds 
========================================================================
Received Import Request.
  Time since last request: 27.310698 seconds.
  path: Assets/Scripts/Managment Game/Random Events System/CockRoaches.cs
  artifactKey: Guid(48005e19793d21c4ebcd6f3fdf262a3b) Importer(815301076,1909f56bfc062723c751e8b465ee728b)
Start importing Assets/Scripts/Managment Game/Random Events System/CockRoaches.cs using Guid(48005e19793d21c4ebcd6f3fdf262a3b) Importer(815301076,1909f56bfc062723c751e8b465ee728b)  -> (artifact id: 'bbfcfb275f70003b67fd32b07cfe0612') in 0.002010 seconds 
========================================================================
Received Import Request.
  Time since last request: 11.186320 seconds.
  path: Assets/Scripts/Managment Game/Random Events System/CockRoaches.cs
  artifactKey: Guid(48005e19793d21c4ebcd6f3fdf262a3b) Importer(815301076,1909f56bfc062723c751e8b465ee728b)
Start importing Assets/Scripts/Managment Game/Random Events System/CockRoaches.cs using Guid(48005e19793d21c4ebcd6f3fdf262a3b) Importer(815301076,1909f56bfc062723c751e8b465ee728b)  -> (artifact id: '953428d51409295044d43e43c9f3f4ac') in 0.002030 seconds 
========================================================================
Received Import Request.
  Time since last request: 7.313235 seconds.
  path: Assets/Scripts/Managment Game/Random Events System/BaseRandomEvent.cs
  artifactKey: Guid(5fe48f6248db56143ae13aa82296dba9) Importer(815301076,1909f56bfc062723c751e8b465ee728b)
Start importing Assets/Scripts/Managment Game/Random Events System/BaseRandomEvent.cs using Guid(5fe48f6248db56143ae13aa82296dba9) Importer(815301076,1909f56bfc062723c751e8b465ee728b)  -> (artifact id: '1b74ff80e2896ada66e100885b3b6446') in 0.005846 seconds 
========================================================================
Received Import Request.
  Time since last request: 25.622649 seconds.
  path: Assets/Scripts/Managment Game/Random Events System/BaseRandomEvent.cs
  artifactKey: Guid(5fe48f6248db56143ae13aa82296dba9) Importer(815301076,1909f56bfc062723c751e8b465ee728b)
Start importing Assets/Scripts/Managment Game/Random Events System/BaseRandomEvent.cs using Guid(5fe48f6248db56143ae13aa82296dba9) Importer(815301076,1909f56bfc062723c751e8b465ee728b)  -> (artifact id: '2848b92d9922c271c9b1f5fe0f885895') in 0.002637 seconds 
========================================================================
Received Import Request.
  Time since last request: 24.207684 seconds.
  path: Assets/Scripts/Managment Game/Random Events System/BaseRandomEvent.cs
  artifactKey: Guid(5fe48f6248db56143ae13aa82296dba9) Importer(815301076,1909f56bfc062723c751e8b465ee728b)
Start importing Assets/Scripts/Managment Game/Random Events System/BaseRandomEvent.cs using Guid(5fe48f6248db56143ae13aa82296dba9) Importer(815301076,1909f56bfc062723c751e8b465ee728b)  -> (artifact id: 'd7ae84edd1e90f522443057d5b115b3e') in 0.002155 seconds 
========================================================================
Received Prepare
Registering precompiled user dll's ...
Registered in 0.004600 seconds.
Begin MonoManager ReloadAssembly
Symbol file LoadedFromMemory doesn't match image D:\GithubRepositories\Stories of bachelors and magicians\Library\PackageCache\com.unity.visualscripting@1.6.1\Editor\VisualScripting.Core\Dependencies\YamlDotNet\Unity.VisualScripting.YamlDotNet.dll
Symbol file LoadedFromMemory doesn't match image D:\GithubRepositories\Stories of bachelors and magicians\Library\PackageCache\com.unity.visualscripting@1.6.1\Editor\VisualScripting.Core\Dependencies\DotNetZip\Unity.VisualScripting.IonicZip.dll
Native extension for WindowsStandalone target not found
Refreshing native plugins compatible for Editor in 0.79 ms, found 3 plugins.
Preloading 0 native plugins for Editor in 0.00 ms.
Mono: successfully reloaded assembly
- Completed reload, in  1.207 seconds
Domain Reload Profiling:
	ReloadAssembly (1208ms)
		BeginReloadAssembly (122ms)
			ExecutionOrderSort (0ms)
			DisableScriptedObjects (5ms)
			BackupInstance (0ms)
			ReleaseScriptingObjects (0ms)
			CreateAndSetChildDomain (39ms)
		EndReloadAssembly (1023ms)
			LoadAssemblies (93ms)
			RebuildTransferFunctionScriptingTraits (0ms)
			SetupTypeCache (405ms)
			ReleaseScriptCaches (2ms)
			RebuildScriptCaches (47ms)
			SetupLoadedEditorAssemblies (349ms)
				LogAssemblyErrors (0ms)
				InitializePlatformSupportModulesInManaged (5ms)
				SetLoadedEditorAssemblies (0ms)
				RefreshPlugins (1ms)
				BeforeProcessingInitializeOnLoad (72ms)
				ProcessInitializeOnLoadAttributes (263ms)
				ProcessInitializeOnLoadMethodAttributes (5ms)
				AfterProcessingInitializeOnLoad (3ms)
				EditorAssembliesLoaded (0ms)
			ExecutionOrderSort2 (0ms)
			AwakeInstancesAfterBackupRestoration (11ms)
Platform modules already initialized, skipping
Refreshing native plugins compatible for Editor in 0.86 ms, found 3 plugins.
Preloading 0 native plugins for Editor in 0.00 ms.
Unloading 4231 Unused Serialized files (Serialized files now loaded: 0)
System memory in use before: 162.0 MB.
System memory in use after: 162.3 MB.

Unloading 19 unused Assets to reduce memory usage. Loaded Objects now: 4806.
Total: 3.802000 ms (FindLiveObjects: 0.405700 ms CreateObjectMapping: 0.180800 ms MarkObjects: 3.191500 ms  DeleteObjects: 0.022600 ms)

AssetImportParameters requested are different than current active one (requested -> active):
  custom:framework-win-MediaFoundation: 216162199b28c13a410421893ffa2e32 -> 
  custom:video-decoder-ogg-theora: a1e56fd34408186e4bbccfd4996cb3dc -> 
  custom:container-muxer-webm: aa71ff27fc2769a1b78a27578f13a17b -> 
  custom:container-demuxer-webm: 4f35f7cbe854078d1ac9338744f61a02 -> 
  custom:container-demuxer-ogg: 62fdf1f143b41e24485cea50d1cbac27 -> 
  custom:video-encoder-webm-vp8: eb34c28f22e8b96e1ab97ce403110664 -> 
  custom:video-decoder-webm-vp8: 9c59270c3fd7afecdb556c50c9e8de78 -> 
  custom:audio-decoder-ogg-vorbis: bf7c407c2cedff20999df2af8eb42d56 -> 
  custom:audio-encoder-webm-vorbis: bf7c407c2cedff20999df2af8eb42d56 -> 
========================================================================
Received Import Request.
  Time since last request: 42.491496 seconds.
  path: Assets/Scripts/Managment Game/Random Events System/FireTraining.cs
  artifactKey: Guid(9cdae0340f33edd4eb6ae14057344675) Importer(815301076,1909f56bfc062723c751e8b465ee728b)
Start importing Assets/Scripts/Managment Game/Random Events System/FireTraining.cs using Guid(9cdae0340f33edd4eb6ae14057344675) Importer(815301076,1909f56bfc062723c751e8b465ee728b)  -> (artifact id: '6b43e3ee5fdb50aa57a87e1e654cf911') in 0.011369 seconds 
========================================================================
Received Prepare
Registering precompiled user dll's ...
Registered in 0.004491 seconds.
Begin MonoManager ReloadAssembly
Symbol file LoadedFromMemory doesn't match image D:\GithubRepositories\Stories of bachelors and magicians\Library\PackageCache\com.unity.visualscripting@1.6.1\Editor\VisualScripting.Core\Dependencies\YamlDotNet\Unity.VisualScripting.YamlDotNet.dll
Symbol file LoadedFromMemory doesn't match image D:\GithubRepositories\Stories of bachelors and magicians\Library\PackageCache\com.unity.visualscripting@1.6.1\Editor\VisualScripting.Core\Dependencies\DotNetZip\Unity.VisualScripting.IonicZip.dll
Native extension for WindowsStandalone target not found
Refreshing native plugins compatible for Editor in 1.13 ms, found 3 plugins.
Preloading 0 native plugins for Editor in 0.00 ms.
Mono: successfully reloaded assembly
- Completed reload, in  1.271 seconds
Domain Reload Profiling:
	ReloadAssembly (1271ms)
		BeginReloadAssembly (144ms)
			ExecutionOrderSort (0ms)
			DisableScriptedObjects (5ms)
			BackupInstance (0ms)
			ReleaseScriptingObjects (0ms)
			CreateAndSetChildDomain (40ms)
		EndReloadAssembly (1059ms)
			LoadAssemblies (104ms)
			RebuildTransferFunctionScriptingTraits (0ms)
			SetupTypeCache (440ms)
			ReleaseScriptCaches (1ms)
			RebuildScriptCaches (47ms)
			SetupLoadedEditorAssemblies (341ms)
				LogAssemblyErrors (0ms)
				InitializePlatformSupportModulesInManaged (6ms)
				SetLoadedEditorAssemblies (1ms)
				RefreshPlugins (1ms)
				BeforeProcessingInitializeOnLoad (69ms)
				ProcessInitializeOnLoadAttributes (257ms)
				ProcessInitializeOnLoadMethodAttributes (5ms)
				AfterProcessingInitializeOnLoad (3ms)
				EditorAssembliesLoaded (0ms)
			ExecutionOrderSort2 (0ms)
			AwakeInstancesAfterBackupRestoration (11ms)
Platform modules already initialized, skipping
Refreshing native plugins compatible for Editor in 0.82 ms, found 3 plugins.
Preloading 0 native plugins for Editor in 0.00 ms.
Unloading 4231 Unused Serialized files (Serialized files now loaded: 0)
System memory in use before: 162.1 MB.
System memory in use after: 162.3 MB.

Unloading 17 unused Assets to reduce memory usage. Loaded Objects now: 4809.
Total: 4.368200 ms (FindLiveObjects: 0.471600 ms CreateObjectMapping: 0.177700 ms MarkObjects: 3.692500 ms  DeleteObjects: 0.024600 ms)

AssetImportParameters requested are different than current active one (requested -> active):
  custom:framework-win-MediaFoundation: 216162199b28c13a410421893ffa2e32 -> 
  custom:video-decoder-ogg-theora: a1e56fd34408186e4bbccfd4996cb3dc -> 
  custom:container-muxer-webm: aa71ff27fc2769a1b78a27578f13a17b -> 
  custom:container-demuxer-webm: 4f35f7cbe854078d1ac9338744f61a02 -> 
  custom:container-demuxer-ogg: 62fdf1f143b41e24485cea50d1cbac27 -> 
  custom:video-encoder-webm-vp8: eb34c28f22e8b96e1ab97ce403110664 -> 
  custom:video-decoder-webm-vp8: 9c59270c3fd7afecdb556c50c9e8de78 -> 
  custom:audio-decoder-ogg-vorbis: bf7c407c2cedff20999df2af8eb42d56 -> 
  custom:audio-encoder-webm-vorbis: bf7c407c2cedff20999df2af8eb42d56 -> 
========================================================================
Received Import Request.
  Time since last request: 97.110308 seconds.
  path: Assets/Scripts/Managment Game/Random Events System/FireTrainingRandomEvent.cs
  artifactKey: Guid(9cdae0340f33edd4eb6ae14057344675) Importer(815301076,1909f56bfc062723c751e8b465ee728b)
Start importing Assets/Scripts/Managment Game/Random Events System/FireTrainingRandomEvent.cs using Guid(9cdae0340f33edd4eb6ae14057344675) Importer(815301076,1909f56bfc062723c751e8b465ee728b)  -> (artifact id: 'be53377554a571bcca841c4d00bab7da') in 0.011110 seconds 
========================================================================
Received Import Request.
  Time since last request: 0.757588 seconds.
  path: Assets/Scripts/Managment Game/Random Events System/FoodPoisoning.cs
  artifactKey: Guid(3c6adf51c7e4b004c88637953c3697f9) Importer(815301076,1909f56bfc062723c751e8b465ee728b)
Start importing Assets/Scripts/Managment Game/Random Events System/FoodPoisoning.cs using Guid(3c6adf51c7e4b004c88637953c3697f9) Importer(815301076,1909f56bfc062723c751e8b465ee728b)  -> (artifact id: '0eb635942bea446e71a8d44af8572b95') in 0.015211 seconds 
========================================================================
Received Prepare
Registering precompiled user dll's ...
Registered in 0.004521 seconds.
Begin MonoManager ReloadAssembly
Symbol file LoadedFromMemory doesn't match image D:\GithubRepositories\Stories of bachelors and magicians\Library\PackageCache\com.unity.visualscripting@1.6.1\Editor\VisualScripting.Core\Dependencies\YamlDotNet\Unity.VisualScripting.YamlDotNet.dll
Symbol file LoadedFromMemory doesn't match image D:\GithubRepositories\Stories of bachelors and magicians\Library\PackageCache\com.unity.visualscripting@1.6.1\Editor\VisualScripting.Core\Dependencies\DotNetZip\Unity.VisualScripting.IonicZip.dll
Native extension for WindowsStandalone target not found
Refreshing native plugins compatible for Editor in 0.78 ms, found 3 plugins.
Preloading 0 native plugins for Editor in 0.00 ms.
Mono: successfully reloaded assembly
- Completed reload, in  1.252 seconds
Domain Reload Profiling:
	ReloadAssembly (1253ms)
		BeginReloadAssembly (131ms)
			ExecutionOrderSort (0ms)
			DisableScriptedObjects (5ms)
			BackupInstance (0ms)
			ReleaseScriptingObjects (0ms)
			CreateAndSetChildDomain (38ms)
		EndReloadAssembly (1056ms)
			LoadAssemblies (95ms)
			RebuildTransferFunctionScriptingTraits (0ms)
			SetupTypeCache (432ms)
			ReleaseScriptCaches (1ms)
			RebuildScriptCaches (48ms)
			SetupLoadedEditorAssemblies (347ms)
				LogAssemblyErrors (0ms)
				InitializePlatformSupportModulesInManaged (5ms)
				SetLoadedEditorAssemblies (0ms)
				RefreshPlugins (1ms)
				BeforeProcessingInitializeOnLoad (68ms)
				ProcessInitializeOnLoadAttributes (264ms)
				ProcessInitializeOnLoadMethodAttributes (6ms)
				AfterProcessingInitializeOnLoad (3ms)
				EditorAssembliesLoaded (0ms)
			ExecutionOrderSort2 (0ms)
			AwakeInstancesAfterBackupRestoration (11ms)
Platform modules already initialized, skipping
Refreshing native plugins compatible for Editor in 0.87 ms, found 3 plugins.
Preloading 0 native plugins for Editor in 0.00 ms.
Unloading 4231 Unused Serialized files (Serialized files now loaded: 0)
System memory in use before: 162.1 MB.
System memory in use after: 162.4 MB.

Unloading 17 unused Assets to reduce memory usage. Loaded Objects now: 4812.
Total: 3.172500 ms (FindLiveObjects: 0.347300 ms CreateObjectMapping: 0.139100 ms MarkObjects: 2.666500 ms  DeleteObjects: 0.018200 ms)

AssetImportParameters requested are different than current active one (requested -> active):
  custom:framework-win-MediaFoundation: 216162199b28c13a410421893ffa2e32 -> 
  custom:video-decoder-ogg-theora: a1e56fd34408186e4bbccfd4996cb3dc -> 
  custom:container-muxer-webm: aa71ff27fc2769a1b78a27578f13a17b -> 
  custom:container-demuxer-webm: 4f35f7cbe854078d1ac9338744f61a02 -> 
  custom:container-demuxer-ogg: 62fdf1f143b41e24485cea50d1cbac27 -> 
  custom:video-encoder-webm-vp8: eb34c28f22e8b96e1ab97ce403110664 -> 
  custom:video-decoder-webm-vp8: 9c59270c3fd7afecdb556c50c9e8de78 -> 
  custom:audio-decoder-ogg-vorbis: bf7c407c2cedff20999df2af8eb42d56 -> 
  custom:audio-encoder-webm-vorbis: bf7c407c2cedff20999df2af8eb42d56 -> 
========================================================================
Received Import Request.
  Time since last request: 101.481451 seconds.
  path: Assets/Scripts/Managment Game/Random Events System/FoodPoisoningRandomEvent.cs
  artifactKey: Guid(3c6adf51c7e4b004c88637953c3697f9) Importer(815301076,1909f56bfc062723c751e8b465ee728b)
Start importing Assets/Scripts/Managment Game/Random Events System/FoodPoisoningRandomEvent.cs using Guid(3c6adf51c7e4b004c88637953c3697f9) Importer(815301076,1909f56bfc062723c751e8b465ee728b)  -> (artifact id: '1248defcce8724326a913429f6db4a32') in 0.011180 seconds 
========================================================================
Received Import Request.
  Time since last request: 0.287292 seconds.
  path: Assets/Scripts/Managment Game/Random Events System/HappyDay.cs
  artifactKey: Guid(04af1811eb7d6c5449aeb08919d7fada) Importer(815301076,1909f56bfc062723c751e8b465ee728b)
Start importing Assets/Scripts/Managment Game/Random Events System/HappyDay.cs using Guid(04af1811eb7d6c5449aeb08919d7fada) Importer(815301076,1909f56bfc062723c751e8b465ee728b)  -> (artifact id: '81f2bcaef09ba39ecced7a1d1126cc50') in 0.005976 seconds 
========================================================================
Received Prepare
Registering precompiled user dll's ...
Registered in 0.004659 seconds.
Begin MonoManager ReloadAssembly
Symbol file LoadedFromMemory doesn't match image D:\GithubRepositories\Stories of bachelors and magicians\Library\PackageCache\com.unity.visualscripting@1.6.1\Editor\VisualScripting.Core\Dependencies\YamlDotNet\Unity.VisualScripting.YamlDotNet.dll
Symbol file LoadedFromMemory doesn't match image D:\GithubRepositories\Stories of bachelors and magicians\Library\PackageCache\com.unity.visualscripting@1.6.1\Editor\VisualScripting.Core\Dependencies\DotNetZip\Unity.VisualScripting.IonicZip.dll
Native extension for WindowsStandalone target not found
Refreshing native plugins compatible for Editor in 0.80 ms, found 3 plugins.
Preloading 0 native plugins for Editor in 0.00 ms.
Mono: successfully reloaded assembly
- Completed reload, in  1.237 seconds
Domain Reload Profiling:
	ReloadAssembly (1238ms)
		BeginReloadAssembly (120ms)
			ExecutionOrderSort (0ms)
			DisableScriptedObjects (6ms)
			BackupInstance (0ms)
			ReleaseScriptingObjects (0ms)
			CreateAndSetChildDomain (37ms)
		EndReloadAssembly (1042ms)
			LoadAssemblies (102ms)
			RebuildTransferFunctionScriptingTraits (0ms)
			SetupTypeCache (422ms)
			ReleaseScriptCaches (1ms)
			RebuildScriptCaches (48ms)
			SetupLoadedEditorAssemblies (342ms)
				LogAssemblyErrors (0ms)
				InitializePlatformSupportModulesInManaged (5ms)
				SetLoadedEditorAssemblies (0ms)
				RefreshPlugins (1ms)
				BeforeProcessingInitializeOnLoad (70ms)
				ProcessInitializeOnLoadAttributes (258ms)
				ProcessInitializeOnLoadMethodAttributes (5ms)
				AfterProcessingInitializeOnLoad (3ms)
				EditorAssembliesLoaded (0ms)
			ExecutionOrderSort2 (0ms)
			AwakeInstancesAfterBackupRestoration (11ms)
Platform modules already initialized, skipping
Refreshing native plugins compatible for Editor in 0.79 ms, found 3 plugins.
Preloading 0 native plugins for Editor in 0.00 ms.
Unloading 4231 Unused Serialized files (Serialized files now loaded: 0)
System memory in use before: 162.2 MB.
System memory in use after: 162.4 MB.

Unloading 17 unused Assets to reduce memory usage. Loaded Objects now: 4815.
Total: 3.620600 ms (FindLiveObjects: 0.449600 ms CreateObjectMapping: 0.183000 ms MarkObjects: 2.961800 ms  DeleteObjects: 0.024300 ms)

AssetImportParameters requested are different than current active one (requested -> active):
  custom:framework-win-MediaFoundation: 216162199b28c13a410421893ffa2e32 -> 
  custom:video-decoder-ogg-theora: a1e56fd34408186e4bbccfd4996cb3dc -> 
  custom:container-muxer-webm: aa71ff27fc2769a1b78a27578f13a17b -> 
  custom:container-demuxer-webm: 4f35f7cbe854078d1ac9338744f61a02 -> 
  custom:container-demuxer-ogg: 62fdf1f143b41e24485cea50d1cbac27 -> 
  custom:video-encoder-webm-vp8: eb34c28f22e8b96e1ab97ce403110664 -> 
  custom:video-decoder-webm-vp8: 9c59270c3fd7afecdb556c50c9e8de78 -> 
  custom:audio-decoder-ogg-vorbis: bf7c407c2cedff20999df2af8eb42d56 -> 
  custom:audio-encoder-webm-vorbis: bf7c407c2cedff20999df2af8eb42d56 -> 
========================================================================
Received Import Request.
  Time since last request: 93.869804 seconds.
  path: Assets/Scripts/Managment Game/Random Events System/HappyDayRandomEvent.cs
  artifactKey: Guid(04af1811eb7d6c5449aeb08919d7fada) Importer(815301076,1909f56bfc062723c751e8b465ee728b)
Start importing Assets/Scripts/Managment Game/Random Events System/HappyDayRandomEvent.cs using Guid(04af1811eb7d6c5449aeb08919d7fada) Importer(815301076,1909f56bfc062723c751e8b465ee728b)  -> (artifact id: 'f095ff82b39fbd24d85eda704162b720') in 0.010982 seconds 
========================================================================
Received Import Request.
  Time since last request: 0.577142 seconds.
  path: Assets/Scripts/Managment Game/Random Events System/Illness.cs
  artifactKey: Guid(91da103ec8410624dbf4dd771badc576) Importer(815301076,1909f56bfc062723c751e8b465ee728b)
Start importing Assets/Scripts/Managment Game/Random Events System/Illness.cs using Guid(91da103ec8410624dbf4dd771badc576) Importer(815301076,1909f56bfc062723c751e8b465ee728b)  -> (artifact id: 'e20e5fa36e990a42ff49f4103298b761') in 0.013487 seconds 
========================================================================
Received Prepare
Registering precompiled user dll's ...
Registered in 0.004522 seconds.
Begin MonoManager ReloadAssembly
Symbol file LoadedFromMemory doesn't match image D:\GithubRepositories\Stories of bachelors and magicians\Library\PackageCache\com.unity.visualscripting@1.6.1\Editor\VisualScripting.Core\Dependencies\YamlDotNet\Unity.VisualScripting.YamlDotNet.dll
Symbol file LoadedFromMemory doesn't match image D:\GithubRepositories\Stories of bachelors and magicians\Library\PackageCache\com.unity.visualscripting@1.6.1\Editor\VisualScripting.Core\Dependencies\DotNetZip\Unity.VisualScripting.IonicZip.dll
Native extension for WindowsStandalone target not found
Refreshing native plugins compatible for Editor in 0.84 ms, found 3 plugins.
Preloading 0 native plugins for Editor in 0.00 ms.
Mono: successfully reloaded assembly
- Completed reload, in  1.240 seconds
Domain Reload Profiling:
	ReloadAssembly (1240ms)
		BeginReloadAssembly (121ms)
			ExecutionOrderSort (0ms)
			DisableScriptedObjects (5ms)
			BackupInstance (0ms)
			ReleaseScriptingObjects (0ms)
			CreateAndSetChildDomain (38ms)
		EndReloadAssembly (1054ms)
			LoadAssemblies (99ms)
			RebuildTransferFunctionScriptingTraits (0ms)
			SetupTypeCache (425ms)
			ReleaseScriptCaches (1ms)
			RebuildScriptCaches (56ms)
			SetupLoadedEditorAssemblies (345ms)
				LogAssemblyErrors (0ms)
				InitializePlatformSupportModulesInManaged (5ms)
				SetLoadedEditorAssemblies (0ms)
				RefreshPlugins (1ms)
				BeforeProcessingInitializeOnLoad (73ms)
				ProcessInitializeOnLoadAttributes (257ms)
				ProcessInitializeOnLoadMethodAttributes (5ms)
				AfterProcessingInitializeOnLoad (3ms)
				EditorAssembliesLoaded (0ms)
			ExecutionOrderSort2 (0ms)
			AwakeInstancesAfterBackupRestoration (11ms)
Platform modules already initialized, skipping
Refreshing native plugins compatible for Editor in 0.83 ms, found 3 plugins.
Preloading 0 native plugins for Editor in 0.00 ms.
Unloading 4231 Unused Serialized files (Serialized files now loaded: 0)
System memory in use before: 162.2 MB.
System memory in use after: 162.4 MB.

Unloading 17 unused Assets to reduce memory usage. Loaded Objects now: 4818.
Total: 3.083000 ms (FindLiveObjects: 0.322100 ms CreateObjectMapping: 0.109600 ms MarkObjects: 2.630600 ms  DeleteObjects: 0.018900 ms)

AssetImportParameters requested are different than current active one (requested -> active):
  custom:framework-win-MediaFoundation: 216162199b28c13a410421893ffa2e32 -> 
  custom:video-decoder-ogg-theora: a1e56fd34408186e4bbccfd4996cb3dc -> 
  custom:container-muxer-webm: aa71ff27fc2769a1b78a27578f13a17b -> 
  custom:container-demuxer-webm: 4f35f7cbe854078d1ac9338744f61a02 -> 
  custom:container-demuxer-ogg: 62fdf1f143b41e24485cea50d1cbac27 -> 
  custom:video-encoder-webm-vp8: eb34c28f22e8b96e1ab97ce403110664 -> 
  custom:video-decoder-webm-vp8: 9c59270c3fd7afecdb556c50c9e8de78 -> 
  custom:audio-decoder-ogg-vorbis: bf7c407c2cedff20999df2af8eb42d56 -> 
  custom:audio-encoder-webm-vorbis: bf7c407c2cedff20999df2af8eb42d56 -> 
========================================================================
Received Import Request.
  Time since last request: 88.218870 seconds.
  path: Assets/Scripts/Managment Game/Random Events System/IllnessRandomEvent.cs
  artifactKey: Guid(91da103ec8410624dbf4dd771badc576) Importer(815301076,1909f56bfc062723c751e8b465ee728b)
Start importing Assets/Scripts/Managment Game/Random Events System/IllnessRandomEvent.cs using Guid(91da103ec8410624dbf4dd771badc576) Importer(815301076,1909f56bfc062723c751e8b465ee728b)  -> (artifact id: '952c58f5c4dbc5443895d747f5d9f306') in 0.012108 seconds 
========================================================================
Received Import Request.
  Time since last request: 0.412244 seconds.
  path: Assets/Scripts/Managment Game/Random Events System/MaterialAid.cs
  artifactKey: Guid(9693838e6339c5a42a997135ba529bcb) Importer(815301076,1909f56bfc062723c751e8b465ee728b)
Start importing Assets/Scripts/Managment Game/Random Events System/MaterialAid.cs using Guid(9693838e6339c5a42a997135ba529bcb) Importer(815301076,1909f56bfc062723c751e8b465ee728b)  -> (artifact id: '79faa4faa4c131a5425e102a41010b9e') in 0.006225 seconds 
========================================================================
Received Prepare
Registering precompiled user dll's ...
Registered in 0.004505 seconds.
Begin MonoManager ReloadAssembly
Symbol file LoadedFromMemory doesn't match image D:\GithubRepositories\Stories of bachelors and magicians\Library\PackageCache\com.unity.visualscripting@1.6.1\Editor\VisualScripting.Core\Dependencies\YamlDotNet\Unity.VisualScripting.YamlDotNet.dll
Symbol file LoadedFromMemory doesn't match image D:\GithubRepositories\Stories of bachelors and magicians\Library\PackageCache\com.unity.visualscripting@1.6.1\Editor\VisualScripting.Core\Dependencies\DotNetZip\Unity.VisualScripting.IonicZip.dll
Native extension for WindowsStandalone target not found
Refreshing native plugins compatible for Editor in 0.77 ms, found 3 plugins.
Preloading 0 native plugins for Editor in 0.00 ms.
Mono: successfully reloaded assembly
- Completed reload, in  1.235 seconds
Domain Reload Profiling:
	ReloadAssembly (1235ms)
		BeginReloadAssembly (110ms)
			ExecutionOrderSort (0ms)
			DisableScriptedObjects (5ms)
			BackupInstance (0ms)
			ReleaseScriptingObjects (0ms)
			CreateAndSetChildDomain (35ms)
		EndReloadAssembly (1061ms)
			LoadAssemblies (100ms)
			RebuildTransferFunctionScriptingTraits (0ms)
			SetupTypeCache (413ms)
			ReleaseScriptCaches (2ms)
			RebuildScriptCaches (54ms)
			SetupLoadedEditorAssemblies (363ms)
				LogAssemblyErrors (0ms)
				InitializePlatformSupportModulesInManaged (5ms)
				SetLoadedEditorAssemblies (0ms)
				RefreshPlugins (1ms)
				BeforeProcessingInitializeOnLoad (76ms)
				ProcessInitializeOnLoadAttributes (272ms)
				ProcessInitializeOnLoadMethodAttributes (5ms)
				AfterProcessingInitializeOnLoad (3ms)
				EditorAssembliesLoaded (0ms)
			ExecutionOrderSort2 (0ms)
			AwakeInstancesAfterBackupRestoration (11ms)
Platform modules already initialized, skipping
Refreshing native plugins compatible for Editor in 1.19 ms, found 3 plugins.
Preloading 0 native plugins for Editor in 0.00 ms.
Unloading 4231 Unused Serialized files (Serialized files now loaded: 0)
System memory in use before: 162.2 MB.
System memory in use after: 162.4 MB.

Unloading 17 unused Assets to reduce memory usage. Loaded Objects now: 4821.
Total: 4.474500 ms (FindLiveObjects: 0.446300 ms CreateObjectMapping: 0.194200 ms MarkObjects: 3.811300 ms  DeleteObjects: 0.021300 ms)

AssetImportParameters requested are different than current active one (requested -> active):
  custom:framework-win-MediaFoundation: 216162199b28c13a410421893ffa2e32 -> 
  custom:video-decoder-ogg-theora: a1e56fd34408186e4bbccfd4996cb3dc -> 
  custom:container-muxer-webm: aa71ff27fc2769a1b78a27578f13a17b -> 
  custom:container-demuxer-webm: 4f35f7cbe854078d1ac9338744f61a02 -> 
  custom:container-demuxer-ogg: 62fdf1f143b41e24485cea50d1cbac27 -> 
  custom:video-encoder-webm-vp8: eb34c28f22e8b96e1ab97ce403110664 -> 
  custom:video-decoder-webm-vp8: 9c59270c3fd7afecdb556c50c9e8de78 -> 
  custom:audio-decoder-ogg-vorbis: bf7c407c2cedff20999df2af8eb42d56 -> 
  custom:audio-encoder-webm-vorbis: bf7c407c2cedff20999df2af8eb42d56 -> 
========================================================================
Received Import Request.
  Time since last request: 60.619891 seconds.
  path: Assets/Scripts/Managment Game/Random Events System/EventManager.cs
  artifactKey: Guid(2223c1a4e44770d4aa3f363b4c2c408b) Importer(815301076,1909f56bfc062723c751e8b465ee728b)
Start importing Assets/Scripts/Managment Game/Random Events System/EventManager.cs using Guid(2223c1a4e44770d4aa3f363b4c2c408b) Importer(815301076,1909f56bfc062723c751e8b465ee728b)  -> (artifact id: '5d0f630364aa304aad3eb89beddd90a9') in 0.011499 seconds 
========================================================================
Received Import Request.
  Time since last request: 0.000230 seconds.
  path: Assets/Scripts/Managment Game/Random Events System/MaterialAidRandomEvent.cs
  artifactKey: Guid(9693838e6339c5a42a997135ba529bcb) Importer(815301076,1909f56bfc062723c751e8b465ee728b)
Start importing Assets/Scripts/Managment Game/Random Events System/MaterialAidRandomEvent.cs using Guid(9693838e6339c5a42a997135ba529bcb) Importer(815301076,1909f56bfc062723c751e8b465ee728b)  -> (artifact id: 'd3a0edb0e8704cf228de94bef8204e26') in 0.005983 seconds 
========================================================================
Received Prepare
Registering precompiled user dll's ...
Registered in 0.004511 seconds.
Begin MonoManager ReloadAssembly
Symbol file LoadedFromMemory doesn't match image D:\GithubRepositories\Stories of bachelors and magicians\Library\PackageCache\com.unity.visualscripting@1.6.1\Editor\VisualScripting.Core\Dependencies\YamlDotNet\Unity.VisualScripting.YamlDotNet.dll
Symbol file LoadedFromMemory doesn't match image D:\GithubRepositories\Stories of bachelors and magicians\Library\PackageCache\com.unity.visualscripting@1.6.1\Editor\VisualScripting.Core\Dependencies\DotNetZip\Unity.VisualScripting.IonicZip.dll
Native extension for WindowsStandalone target not found
Refreshing native plugins compatible for Editor in 0.78 ms, found 3 plugins.
Preloading 0 native plugins for Editor in 0.00 ms.
Mono: successfully reloaded assembly
- Completed reload, in  1.268 seconds
Domain Reload Profiling:
	ReloadAssembly (1268ms)
		BeginReloadAssembly (124ms)
			ExecutionOrderSort (0ms)
			DisableScriptedObjects (5ms)
			BackupInstance (0ms)
			ReleaseScriptingObjects (0ms)
			CreateAndSetChildDomain (38ms)
		EndReloadAssembly (1080ms)
			LoadAssemblies (98ms)
			RebuildTransferFunctionScriptingTraits (0ms)
			SetupTypeCache (435ms)
			ReleaseScriptCaches (1ms)
			RebuildScriptCaches (48ms)
			SetupLoadedEditorAssemblies (358ms)
				LogAssemblyErrors (0ms)
				InitializePlatformSupportModulesInManaged (6ms)
				SetLoadedEditorAssemblies (0ms)
				RefreshPlugins (1ms)
				BeforeProcessingInitializeOnLoad (77ms)
				ProcessInitializeOnLoadAttributes (262ms)
				ProcessInitializeOnLoadMethodAttributes (7ms)
				AfterProcessingInitializeOnLoad (4ms)
				EditorAssembliesLoaded (0ms)
			ExecutionOrderSort2 (0ms)
			AwakeInstancesAfterBackupRestoration (12ms)
Platform modules already initialized, skipping
Refreshing native plugins compatible for Editor in 1.16 ms, found 3 plugins.
Preloading 0 native plugins for Editor in 0.00 ms.
Unloading 4231 Unused Serialized files (Serialized files now loaded: 0)
System memory in use before: 162.2 MB.
System memory in use after: 162.5 MB.

Unloading 17 unused Assets to reduce memory usage. Loaded Objects now: 4824.
Total: 3.251600 ms (FindLiveObjects: 0.365800 ms CreateObjectMapping: 0.130600 ms MarkObjects: 2.735900 ms  DeleteObjects: 0.018000 ms)

AssetImportParameters requested are different than current active one (requested -> active):
  custom:framework-win-MediaFoundation: 216162199b28c13a410421893ffa2e32 -> 
  custom:video-decoder-ogg-theora: a1e56fd34408186e4bbccfd4996cb3dc -> 
  custom:container-muxer-webm: aa71ff27fc2769a1b78a27578f13a17b -> 
  custom:container-demuxer-webm: 4f35f7cbe854078d1ac9338744f61a02 -> 
  custom:container-demuxer-ogg: 62fdf1f143b41e24485cea50d1cbac27 -> 
  custom:video-encoder-webm-vp8: eb34c28f22e8b96e1ab97ce403110664 -> 
  custom:video-decoder-webm-vp8: 9c59270c3fd7afecdb556c50c9e8de78 -> 
  custom:audio-decoder-ogg-vorbis: bf7c407c2cedff20999df2af8eb42d56 -> 
  custom:audio-encoder-webm-vorbis: bf7c407c2cedff20999df2af8eb42d56 -> 
========================================================================
Received Import Request.
  Time since last request: 57.908896 seconds.
  path: Assets/Scripts/Managment Game/Random Events System/RandomEventsManager.cs
  artifactKey: Guid(2223c1a4e44770d4aa3f363b4c2c408b) Importer(815301076,1909f56bfc062723c751e8b465ee728b)
Start importing Assets/Scripts/Managment Game/Random Events System/RandomEventsManager.cs using Guid(2223c1a4e44770d4aa3f363b4c2c408b) Importer(815301076,1909f56bfc062723c751e8b465ee728b)  -> (artifact id: 'c6a098ec1051219cbbfc1644b639a2c9') in 0.010979 seconds 
========================================================================
Received Prepare
Registering precompiled user dll's ...
Registered in 0.004297 seconds.
Begin MonoManager ReloadAssembly
Symbol file LoadedFromMemory doesn't match image D:\GithubRepositories\Stories of bachelors and magicians\Library\PackageCache\com.unity.visualscripting@1.6.1\Editor\VisualScripting.Core\Dependencies\YamlDotNet\Unity.VisualScripting.YamlDotNet.dll
Symbol file LoadedFromMemory doesn't match image D:\GithubRepositories\Stories of bachelors and magicians\Library\PackageCache\com.unity.visualscripting@1.6.1\Editor\VisualScripting.Core\Dependencies\DotNetZip\Unity.VisualScripting.IonicZip.dll
Native extension for WindowsStandalone target not found
Refreshing native plugins compatible for Editor in 0.80 ms, found 3 plugins.
Preloading 0 native plugins for Editor in 0.00 ms.
Mono: successfully reloaded assembly
- Completed reload, in  1.124 seconds
Domain Reload Profiling:
	ReloadAssembly (1124ms)
		BeginReloadAssembly (128ms)
			ExecutionOrderSort (0ms)
			DisableScriptedObjects (5ms)
			BackupInstance (0ms)
			ReleaseScriptingObjects (0ms)
			CreateAndSetChildDomain (42ms)
		EndReloadAssembly (936ms)
			LoadAssemblies (95ms)
			RebuildTransferFunctionScriptingTraits (0ms)
			SetupTypeCache (371ms)
			ReleaseScriptCaches (1ms)
			RebuildScriptCaches (44ms)
			SetupLoadedEditorAssemblies (314ms)
				LogAssemblyErrors (0ms)
				InitializePlatformSupportModulesInManaged (5ms)
				SetLoadedEditorAssemblies (0ms)
				RefreshPlugins (1ms)
				BeforeProcessingInitializeOnLoad (64ms)
				ProcessInitializeOnLoadAttributes (237ms)
				ProcessInitializeOnLoadMethodAttributes (5ms)
				AfterProcessingInitializeOnLoad (3ms)
				EditorAssembliesLoaded (0ms)
			ExecutionOrderSort2 (0ms)
			AwakeInstancesAfterBackupRestoration (10ms)
Platform modules already initialized, skipping
Refreshing native plugins compatible for Editor in 0.79 ms, found 3 plugins.
Preloading 0 native plugins for Editor in 0.00 ms.
Unloading 4231 Unused Serialized files (Serialized files now loaded: 0)
System memory in use before: 162.2 MB.
System memory in use after: 162.5 MB.

Unloading 17 unused Assets to reduce memory usage. Loaded Objects now: 4827.
Total: 2.645400 ms (FindLiveObjects: 0.308800 ms CreateObjectMapping: 0.108600 ms MarkObjects: 2.211200 ms  DeleteObjects: 0.015900 ms)

AssetImportParameters requested are different than current active one (requested -> active):
  custom:framework-win-MediaFoundation: 216162199b28c13a410421893ffa2e32 -> 
  custom:video-decoder-ogg-theora: a1e56fd34408186e4bbccfd4996cb3dc -> 
  custom:container-muxer-webm: aa71ff27fc2769a1b78a27578f13a17b -> 
  custom:container-demuxer-webm: 4f35f7cbe854078d1ac9338744f61a02 -> 
  custom:container-demuxer-ogg: 62fdf1f143b41e24485cea50d1cbac27 -> 
  custom:video-encoder-webm-vp8: eb34c28f22e8b96e1ab97ce403110664 -> 
  custom:video-decoder-webm-vp8: 9c59270c3fd7afecdb556c50c9e8de78 -> 
  custom:audio-decoder-ogg-vorbis: bf7c407c2cedff20999df2af8eb42d56 -> 
  custom:audio-encoder-webm-vorbis: bf7c407c2cedff20999df2af8eb42d56 -> 
========================================================================
Received Import Request.
  Time since last request: 70.492353 seconds.
  path: Assets/Scenes/Management Game.unity
  artifactKey: Guid(fe3f2fe2dad48ac4db37392d29d2255a) Importer(815301076,1909f56bfc062723c751e8b465ee728b)
Start importing Assets/Scenes/Management Game.unity using Guid(fe3f2fe2dad48ac4db37392d29d2255a) Importer(815301076,1909f56bfc062723c751e8b465ee728b)  -> (artifact id: '0fe6b02ccae04fceb59a8d53d7ba13d0') in 0.056108 seconds 
========================================================================
Received Prepare
Registering precompiled user dll's ...
Registered in 0.004303 seconds.
Begin MonoManager ReloadAssembly
Symbol file LoadedFromMemory doesn't match image D:\GithubRepositories\Stories of bachelors and magicians\Library\PackageCache\com.unity.visualscripting@1.6.1\Editor\VisualScripting.Core\Dependencies\YamlDotNet\Unity.VisualScripting.YamlDotNet.dll
Symbol file LoadedFromMemory doesn't match image D:\GithubRepositories\Stories of bachelors and magicians\Library\PackageCache\com.unity.visualscripting@1.6.1\Editor\VisualScripting.Core\Dependencies\DotNetZip\Unity.VisualScripting.IonicZip.dll
Native extension for WindowsStandalone target not found
Refreshing native plugins compatible for Editor in 0.77 ms, found 3 plugins.
Preloading 0 native plugins for Editor in 0.00 ms.
Mono: successfully reloaded assembly
- Completed reload, in  1.179 seconds
Domain Reload Profiling:
	ReloadAssembly (1180ms)
		BeginReloadAssembly (139ms)
			ExecutionOrderSort (0ms)
			DisableScriptedObjects (5ms)
			BackupInstance (0ms)
			ReleaseScriptingObjects (0ms)
			CreateAndSetChildDomain (48ms)
		EndReloadAssembly (976ms)
			LoadAssemblies (92ms)
			RebuildTransferFunctionScriptingTraits (0ms)
			SetupTypeCache (386ms)
			ReleaseScriptCaches (1ms)
			RebuildScriptCaches (46ms)
			SetupLoadedEditorAssemblies (330ms)
				LogAssemblyErrors (0ms)
				InitializePlatformSupportModulesInManaged (5ms)
				SetLoadedEditorAssemblies (0ms)
				RefreshPlugins (1ms)
				BeforeProcessingInitializeOnLoad (64ms)
				ProcessInitializeOnLoadAttributes (252ms)
				ProcessInitializeOnLoadMethodAttributes (5ms)
				AfterProcessingInitializeOnLoad (3ms)
				EditorAssembliesLoaded (0ms)
			ExecutionOrderSort2 (0ms)
			AwakeInstancesAfterBackupRestoration (11ms)
Platform modules already initialized, skipping
Refreshing native plugins compatible for Editor in 0.83 ms, found 3 plugins.
Preloading 0 native plugins for Editor in 0.00 ms.
Unloading 4231 Unused Serialized files (Serialized files now loaded: 0)
System memory in use before: 162.2 MB.
System memory in use after: 162.5 MB.

Unloading 17 unused Assets to reduce memory usage. Loaded Objects now: 4830.
Total: 2.848600 ms (FindLiveObjects: 0.308100 ms CreateObjectMapping: 0.109900 ms MarkObjects: 2.411500 ms  DeleteObjects: 0.018500 ms)

AssetImportParameters requested are different than current active one (requested -> active):
  custom:framework-win-MediaFoundation: 216162199b28c13a410421893ffa2e32 -> 
  custom:video-decoder-ogg-theora: a1e56fd34408186e4bbccfd4996cb3dc -> 
  custom:container-muxer-webm: aa71ff27fc2769a1b78a27578f13a17b -> 
  custom:container-demuxer-webm: 4f35f7cbe854078d1ac9338744f61a02 -> 
  custom:container-demuxer-ogg: 62fdf1f143b41e24485cea50d1cbac27 -> 
  custom:video-encoder-webm-vp8: eb34c28f22e8b96e1ab97ce403110664 -> 
  custom:video-decoder-webm-vp8: 9c59270c3fd7afecdb556c50c9e8de78 -> 
  custom:audio-decoder-ogg-vorbis: bf7c407c2cedff20999df2af8eb42d56 -> 
  custom:audio-encoder-webm-vorbis: bf7c407c2cedff20999df2af8eb42d56 -> 
========================================================================
Received Import Request.
  Time since last request: 28.978099 seconds.
  path: Assets/Scenes/Typing Minigame.unity
  artifactKey: Guid(11bfa709b5e09174b87c4c062cf85d35) Importer(815301076,1909f56bfc062723c751e8b465ee728b)
Start importing Assets/Scenes/Typing Minigame.unity using Guid(11bfa709b5e09174b87c4c062cf85d35) Importer(815301076,1909f56bfc062723c751e8b465ee728b)  -> (artifact id: '1159b93b95fcbdab504d738d52fb04de') in 0.020591 seconds 
========================================================================
Received Import Request.
  Time since last request: 10.656928 seconds.
  path: Assets/UIPrefabs/Defense Button.prefab
  artifactKey: Guid(03bb9f4d36bca8a41aa2938c45ecc03a) Importer(815301076,1909f56bfc062723c751e8b465ee728b)
Start importing Assets/UIPrefabs/Defense Button.prefab using Guid(03bb9f4d36bca8a41aa2938c45ecc03a) Importer(815301076,1909f56bfc062723c751e8b465ee728b)  -> (artifact id: 'e1f4ede0443a369a0b4e560faaa88b2d') in 0.122351 seconds 
========================================================================
Received Prepare
Registering precompiled user dll's ...
Registered in 0.004400 seconds.
Begin MonoManager ReloadAssembly
Symbol file LoadedFromMemory doesn't match image D:\GithubRepositories\Stories of bachelors and magicians\Library\PackageCache\com.unity.visualscripting@1.6.1\Editor\VisualScripting.Core\Dependencies\YamlDotNet\Unity.VisualScripting.YamlDotNet.dll
Symbol file LoadedFromMemory doesn't match image D:\GithubRepositories\Stories of bachelors and magicians\Library\PackageCache\com.unity.visualscripting@1.6.1\Editor\VisualScripting.Core\Dependencies\DotNetZip\Unity.VisualScripting.IonicZip.dll
Native extension for WindowsStandalone target not found
Refreshing native plugins compatible for Editor in 0.75 ms, found 3 plugins.
Preloading 0 native plugins for Editor in 0.00 ms.
Mono: successfully reloaded assembly
- Completed reload, in  1.196 seconds
Domain Reload Profiling:
	ReloadAssembly (1196ms)
		BeginReloadAssembly (132ms)
			ExecutionOrderSort (0ms)
			DisableScriptedObjects (5ms)
			BackupInstance (0ms)
			ReleaseScriptingObjects (0ms)
			CreateAndSetChildDomain (39ms)
		EndReloadAssembly (1006ms)
			LoadAssemblies (91ms)
			RebuildTransferFunctionScriptingTraits (0ms)
			SetupTypeCache (374ms)
			ReleaseScriptCaches (3ms)
			RebuildScriptCaches (64ms)
			SetupLoadedEditorAssemblies (331ms)
				LogAssemblyErrors (0ms)
				InitializePlatformSupportModulesInManaged (5ms)
				SetLoadedEditorAssemblies (0ms)
				RefreshPlugins (1ms)
				BeforeProcessingInitializeOnLoad (68ms)
				ProcessInitializeOnLoadAttributes (249ms)
				ProcessInitializeOnLoadMethodAttributes (5ms)
				AfterProcessingInitializeOnLoad (3ms)
				EditorAssembliesLoaded (0ms)
			ExecutionOrderSort2 (0ms)
			AwakeInstancesAfterBackupRestoration (10ms)
Platform modules already initialized, skipping
Refreshing native plugins compatible for Editor in 0.81 ms, found 3 plugins.
Preloading 0 native plugins for Editor in 0.00 ms.
Unloading 4231 Unused Serialized files (Serialized files now loaded: 0)
System memory in use before: 162.3 MB.
System memory in use after: 162.5 MB.

Unloading 18 unused Assets to reduce memory usage. Loaded Objects now: 4833.
Total: 2.680600 ms (FindLiveObjects: 0.323300 ms CreateObjectMapping: 0.110300 ms MarkObjects: 2.224100 ms  DeleteObjects: 0.021800 ms)

AssetImportParameters requested are different than current active one (requested -> active):
  custom:framework-win-MediaFoundation: 216162199b28c13a410421893ffa2e32 -> 
  custom:video-decoder-ogg-theora: a1e56fd34408186e4bbccfd4996cb3dc -> 
  custom:container-muxer-webm: aa71ff27fc2769a1b78a27578f13a17b -> 
  custom:container-demuxer-webm: 4f35f7cbe854078d1ac9338744f61a02 -> 
  custom:container-demuxer-ogg: 62fdf1f143b41e24485cea50d1cbac27 -> 
  custom:video-encoder-webm-vp8: eb34c28f22e8b96e1ab97ce403110664 -> 
  custom:video-decoder-webm-vp8: 9c59270c3fd7afecdb556c50c9e8de78 -> 
  custom:audio-decoder-ogg-vorbis: bf7c407c2cedff20999df2af8eb42d56 -> 
  custom:audio-encoder-webm-vorbis: bf7c407c2cedff20999df2af8eb42d56 -> 
AssetImportWorkerClient::OnTransportError - code=2 error=End of file
