Using pre-set license
Built from '2021.1/staging' branch; Version is '2021.1.14f1 (51d2f824827f) revision 5362424'; Using compiler version '192528614'; Build Type 'Release'
OS: 'Windows 10 Pro; OS build 19042.1165; Version 2009; 64bit' Language: 'ru' Physical Memory: 16332 MB
BatchMode: 1, IsHumanControllingUs: 0, StartBugReporterOnCrash: 0, Is64bit: 1, IsPro: 0

 COMMAND LINE ARGUMENTS:
D:\UnityEditors\2021.1.14f1\Editor\Unity.exe
-adb2
-batchMode
-noUpm
-name
AssetImportWorker0
-projectPath
D:/GithubRepositories/GameJam-2021
-logFile
Logs/AssetImportWorker0.log
-srvPort
49327
Successfully changed project path to: D:/GithubRepositories/GameJam-2021
D:/GithubRepositories/GameJam-2021
Using Asset Import Pipeline V2.
Refreshing native plugins compatible for Editor in 116.60 ms, found 3 plugins.
Preloading 0 native plugins for Editor in 0.00 ms.
Initialize engine version: 2021.1.14f1 (51d2f824827f)
[Subsystems] Discovering subsystems at path D:/UnityEditors/2021.1.14f1/Editor/Data/Resources/UnitySubsystems
[Subsystems] Discovering subsystems at path D:/GithubRepositories/GameJam-2021/Assets
GfxDevice: creating device client; threaded=0; jobified=0
Direct3D:
    Version:  Direct3D 11.0 [level 11.1]
    Renderer: NVIDIA GeForce GTX 1660 SUPER (ID=0x21c4)
    Vendor:   NVIDIA
    VRAM:     5991 MB
    Driver:   30.0.14.7168
Initialize mono
Mono path[0] = 'D:/UnityEditors/2021.1.14f1/Editor/Data/Managed'
Mono path[1] = 'D:/UnityEditors/2021.1.14f1/Editor/Data/MonoBleedingEdge/lib/mono/unityjit'
Mono config path = 'D:/UnityEditors/2021.1.14f1/Editor/Data/MonoBleedingEdge/etc'
Using monoOptions --debugger-agent=transport=dt_socket,embedding=1,server=y,suspend=n,address=127.0.0.1:56640
Begin MonoManager ReloadAssembly
Registering precompiled unity dll's ...
Register platform support module: D:/UnityEditors/2021.1.14f1/Editor/Data/PlaybackEngines/WebGLSupport/UnityEditor.WebGL.Extensions.dll
Register platform support module: D:/UnityEditors/2021.1.14f1/Editor/Data/PlaybackEngines/WindowsStandaloneSupport/UnityEditor.WindowsStandalone.Extensions.dll
Registered in 0.001397 seconds.
Native extension for WindowsStandalone target not found
Native extension for WebGL target not found
Refreshing native plugins compatible for Editor in 119.26 ms, found 3 plugins.
Preloading 0 native plugins for Editor in 0.00 ms.
Mono: successfully reloaded assembly
- Completed reload, in  1.281 seconds
Domain Reload Profiling:
	ReloadAssembly (1281ms)
		BeginReloadAssembly (56ms)
			ExecutionOrderSort (0ms)
			DisableScriptedObjects (0ms)
			BackupInstance (0ms)
			ReleaseScriptingObjects (0ms)
			CreateAndSetChildDomain (1ms)
		EndReloadAssembly (566ms)
			LoadAssemblies (55ms)
			RebuildTransferFunctionScriptingTraits (0ms)
			SetupTypeCache (182ms)
			ReleaseScriptCaches (0ms)
			RebuildScriptCaches (33ms)
			SetupLoadedEditorAssemblies (303ms)
				LogAssemblyErrors (0ms)
				InitializePlatformSupportModulesInManaged (8ms)
				SetLoadedEditorAssemblies (0ms)
				RefreshPlugins (119ms)
				BeforeProcessingInitializeOnLoad (4ms)
				ProcessInitializeOnLoadAttributes (136ms)
				ProcessInitializeOnLoadMethodAttributes (36ms)
				AfterProcessingInitializeOnLoad (0ms)
				EditorAssembliesLoaded (0ms)
			ExecutionOrderSort2 (0ms)
			AwakeInstancesAfterBackupRestoration (0ms)
Platform modules already initialized, skipping
Registering precompiled user dll's ...
Registered in 0.004872 seconds.
Begin MonoManager ReloadAssembly
Symbol file LoadedFromMemory doesn't match image D:\GithubRepositories\GameJam-2021\Library\PackageCache\com.unity.visualscripting@1.6.1\Editor\VisualScripting.Core\Dependencies\YamlDotNet\Unity.VisualScripting.YamlDotNet.dll
Symbol file LoadedFromMemory doesn't match image D:\GithubRepositories\GameJam-2021\Library\PackageCache\com.unity.visualscripting@1.6.1\Editor\VisualScripting.Core\Dependencies\DotNetZip\Unity.VisualScripting.IonicZip.dll
Native extension for WindowsStandalone target not found
Native extension for WebGL target not found
Refreshing native plugins compatible for Editor in 122.74 ms, found 3 plugins.
Preloading 0 native plugins for Editor in 0.00 ms.
Mono: successfully reloaded assembly
- Completed reload, in  1.426 seconds
Domain Reload Profiling:
	ReloadAssembly (1427ms)
		BeginReloadAssembly (164ms)
			ExecutionOrderSort (0ms)
			DisableScriptedObjects (6ms)
			BackupInstance (0ms)
			ReleaseScriptingObjects (0ms)
			CreateAndSetChildDomain (19ms)
		EndReloadAssembly (1198ms)
			LoadAssemblies (98ms)
			RebuildTransferFunctionScriptingTraits (0ms)
			SetupTypeCache (416ms)
			ReleaseScriptCaches (1ms)
			RebuildScriptCaches (63ms)
			SetupLoadedEditorAssemblies (503ms)
				LogAssemblyErrors (0ms)
				InitializePlatformSupportModulesInManaged (5ms)
				SetLoadedEditorAssemblies (0ms)
				RefreshPlugins (123ms)
				BeforeProcessingInitializeOnLoad (96ms)
				ProcessInitializeOnLoadAttributes (270ms)
				ProcessInitializeOnLoadMethodAttributes (5ms)
				AfterProcessingInitializeOnLoad (3ms)
				EditorAssembliesLoaded (0ms)
			ExecutionOrderSort2 (0ms)
			AwakeInstancesAfterBackupRestoration (8ms)
Platform modules already initialized, skipping
========================================================================
Worker process is ready to serve import requests
Launched and connected shader compiler UnityShaderCompiler.exe after 0.04 seconds
Refreshing native plugins compatible for Editor in 0.85 ms, found 3 plugins.
Preloading 0 native plugins for Editor in 0.00 ms.
Unloading 4357 Unused Serialized files (Serialized files now loaded: 0)
System memory in use before: 170.4 MB.
System memory in use after: 170.7 MB.

Unloading 22 unused Assets to reduce memory usage. Loaded Objects now: 4804.
Total: 2.720300 ms (FindLiveObjects: 0.312200 ms CreateObjectMapping: 0.109500 ms MarkObjects: 2.228900 ms  DeleteObjects: 0.068500 ms)

AssetImportParameters requested are different than current active one (requested -> active):
  custom:framework-win-MediaFoundation: 216162199b28c13a410421893ffa2e32 -> 
  custom:video-decoder-ogg-theora: a1e56fd34408186e4bbccfd4996cb3dc -> 
  custom:container-muxer-webm: aa71ff27fc2769a1b78a27578f13a17b -> 
  custom:container-demuxer-webm: 4f35f7cbe854078d1ac9338744f61a02 -> 
  custom:container-demuxer-ogg: 62fdf1f143b41e24485cea50d1cbac27 -> 
  custom:video-encoder-webm-vp8: eb34c28f22e8b96e1ab97ce403110664 -> 
  custom:video-decoder-webm-vp8: 9c59270c3fd7afecdb556c50c9e8de78 -> 
  custom:audio-decoder-ogg-vorbis: bf7c407c2cedff20999df2af8eb42d56 -> 
  custom:audio-encoder-webm-vorbis: bf7c407c2cedff20999df2af8eb42d56 -> 
========================================================================
Received Import Request.
  path: Assets/Scripts/Managment Game/Upgrades System/Upgrades Instances/Floppa.asset
  artifactKey: Guid(b4c032a1c9d664b4f8acf334cc074655) Importer(815301076,1909f56bfc062723c751e8b465ee728b)
Start importing Assets/Scripts/Managment Game/Upgrades System/Upgrades Instances/Floppa.asset using Guid(b4c032a1c9d664b4f8acf334cc074655) Importer(815301076,1909f56bfc062723c751e8b465ee728b)  -> (artifact id: 'cf647c22d333f4aa567277b74eaad823') in 0.056454 seconds 
========================================================================
Received Import Request.
  Time since last request: 0.000235 seconds.
  path: Assets/Scripts/Managment Game/Upgrades System/Upgrades Instances/GYM.asset
  artifactKey: Guid(bb34e444955cd9e4ead2178e460ef56d) Importer(815301076,1909f56bfc062723c751e8b465ee728b)
Start importing Assets/Scripts/Managment Game/Upgrades System/Upgrades Instances/GYM.asset using Guid(bb34e444955cd9e4ead2178e460ef56d) Importer(815301076,1909f56bfc062723c751e8b465ee728b)  -> (artifact id: '880737313c3a8104175272d0cc27e86b') in 0.006789 seconds 
========================================================================
Received Import Request.
  Time since last request: 0.000212 seconds.
  path: Assets/Scripts/Managment Game/Upgrades System/Upgrades Instances/Monitor.asset
  artifactKey: Guid(2fc2ce24b248c4b458a489f5a2bd257a) Importer(815301076,1909f56bfc062723c751e8b465ee728b)
Start importing Assets/Scripts/Managment Game/Upgrades System/Upgrades Instances/Monitor.asset using Guid(2fc2ce24b248c4b458a489f5a2bd257a) Importer(815301076,1909f56bfc062723c751e8b465ee728b)  -> (artifact id: '803bd9130fca50d06b429ad1e5cfe2a6') in 0.006611 seconds 
========================================================================
Received Import Request.
  Time since last request: 25.413048 seconds.
  path: Assets/Scripts/Managment Game/Week And Day System
  artifactKey: Guid(5f9be0b57fa164a4089eb55a5991435a) Importer(815301076,1909f56bfc062723c751e8b465ee728b)
Start importing Assets/Scripts/Managment Game/Week And Day System using Guid(5f9be0b57fa164a4089eb55a5991435a) Importer(815301076,1909f56bfc062723c751e8b465ee728b)  -> (artifact id: 'cbfa86eee54063449ef5eca3ff81c04f') in 0.006627 seconds 
========================================================================
Received Import Request.
  Time since last request: 18.881139 seconds.
  path: Assets/Scripts/Managment Game/Week And Day System/GameCycleHandler.cs
  artifactKey: Guid(5b1e173b3a0f3e64c89e8283bce54606) Importer(815301076,1909f56bfc062723c751e8b465ee728b)
Start importing Assets/Scripts/Managment Game/Week And Day System/GameCycleHandler.cs using Guid(5b1e173b3a0f3e64c89e8283bce54606) Importer(815301076,1909f56bfc062723c751e8b465ee728b)  -> (artifact id: '7e65dc1fabe1d2db669156d9b3b51a97') in 0.020251 seconds 
========================================================================
Received Prepare
Registering precompiled user dll's ...
Registered in 0.004981 seconds.
Begin MonoManager ReloadAssembly
Symbol file LoadedFromMemory doesn't match image D:\GithubRepositories\GameJam-2021\Library\PackageCache\com.unity.visualscripting@1.6.1\Editor\VisualScripting.Core\Dependencies\YamlDotNet\Unity.VisualScripting.YamlDotNet.dll
Symbol file LoadedFromMemory doesn't match image D:\GithubRepositories\GameJam-2021\Library\PackageCache\com.unity.visualscripting@1.6.1\Editor\VisualScripting.Core\Dependencies\DotNetZip\Unity.VisualScripting.IonicZip.dll
Native extension for WindowsStandalone target not found
Native extension for WebGL target not found
Refreshing native plugins compatible for Editor in 0.74 ms, found 3 plugins.
Preloading 0 native plugins for Editor in 0.00 ms.
Mono: successfully reloaded assembly
- Completed reload, in  1.344 seconds
Domain Reload Profiling:
	ReloadAssembly (1344ms)
		BeginReloadAssembly (134ms)
			ExecutionOrderSort (0ms)
			DisableScriptedObjects (8ms)
			BackupInstance (0ms)
			ReleaseScriptingObjects (0ms)
			CreateAndSetChildDomain (39ms)
		EndReloadAssembly (1141ms)
			LoadAssemblies (103ms)
			RebuildTransferFunctionScriptingTraits (0ms)
			SetupTypeCache (487ms)
			ReleaseScriptCaches (1ms)
			RebuildScriptCaches (58ms)
			SetupLoadedEditorAssemblies (356ms)
				LogAssemblyErrors (0ms)
				InitializePlatformSupportModulesInManaged (6ms)
				SetLoadedEditorAssemblies (0ms)
				RefreshPlugins (1ms)
				BeforeProcessingInitializeOnLoad (69ms)
				ProcessInitializeOnLoadAttributes (271ms)
				ProcessInitializeOnLoadMethodAttributes (5ms)
				AfterProcessingInitializeOnLoad (3ms)
				EditorAssembliesLoaded (0ms)
			ExecutionOrderSort2 (0ms)
			AwakeInstancesAfterBackupRestoration (11ms)
Platform modules already initialized, skipping
Refreshing native plugins compatible for Editor in 1.45 ms, found 3 plugins.
Preloading 0 native plugins for Editor in 0.00 ms.
Unloading 4236 Unused Serialized files (Serialized files now loaded: 0)
System memory in use before: 162.1 MB.
System memory in use after: 162.3 MB.

Unloading 17 unused Assets to reduce memory usage. Loaded Objects now: 4808.
Total: 4.324800 ms (FindLiveObjects: 0.470300 ms CreateObjectMapping: 0.198200 ms MarkObjects: 3.626900 ms  DeleteObjects: 0.027300 ms)

AssetImportParameters requested are different than current active one (requested -> active):
  custom:framework-win-MediaFoundation: 216162199b28c13a410421893ffa2e32 -> 
  custom:video-decoder-ogg-theora: a1e56fd34408186e4bbccfd4996cb3dc -> 
  custom:container-muxer-webm: aa71ff27fc2769a1b78a27578f13a17b -> 
  custom:container-demuxer-webm: 4f35f7cbe854078d1ac9338744f61a02 -> 
  custom:container-demuxer-ogg: 62fdf1f143b41e24485cea50d1cbac27 -> 
  custom:video-encoder-webm-vp8: eb34c28f22e8b96e1ab97ce403110664 -> 
  custom:video-decoder-webm-vp8: 9c59270c3fd7afecdb556c50c9e8de78 -> 
  custom:audio-decoder-ogg-vorbis: bf7c407c2cedff20999df2af8eb42d56 -> 
  custom:audio-encoder-webm-vorbis: bf7c407c2cedff20999df2af8eb42d56 -> 
========================================================================
Received Import Request.
  Time since last request: 145.614393 seconds.
  path: Assets/Scripts/Managment Game/Week And Day System/GameCycleHandler.cs
  artifactKey: Guid(5b1e173b3a0f3e64c89e8283bce54606) Importer(815301076,1909f56bfc062723c751e8b465ee728b)
Start importing Assets/Scripts/Managment Game/Week And Day System/GameCycleHandler.cs using Guid(5b1e173b3a0f3e64c89e8283bce54606) Importer(815301076,1909f56bfc062723c751e8b465ee728b)  -> (artifact id: 'bb58c3d5d2455c7849bf126029ac73b3') in 0.007392 seconds 
========================================================================
Received Import Request.
  Time since last request: 72.034320 seconds.
  path: Assets/Scripts/Managment Game/Week And Day System/GameCycleHandler.cs
  artifactKey: Guid(5b1e173b3a0f3e64c89e8283bce54606) Importer(815301076,1909f56bfc062723c751e8b465ee728b)
Start importing Assets/Scripts/Managment Game/Week And Day System/GameCycleHandler.cs using Guid(5b1e173b3a0f3e64c89e8283bce54606) Importer(815301076,1909f56bfc062723c751e8b465ee728b)  -> (artifact id: '7cfdbcff6b3a9b311563819696e64297') in 0.001805 seconds 
========================================================================
Received Import Request.
  Time since last request: 71.977084 seconds.
  path: Assets/Scripts/Managment Game/Week And Day System/GameCycleHandler.cs
  artifactKey: Guid(5b1e173b3a0f3e64c89e8283bce54606) Importer(815301076,1909f56bfc062723c751e8b465ee728b)
Start importing Assets/Scripts/Managment Game/Week And Day System/GameCycleHandler.cs using Guid(5b1e173b3a0f3e64c89e8283bce54606) Importer(815301076,1909f56bfc062723c751e8b465ee728b)  -> (artifact id: 'e5382e697c848d877294fa8303217554') in 0.001974 seconds 
========================================================================
Received Import Request.
  Time since last request: 12.607517 seconds.
  path: Assets/Scripts/Managment Game/Week And Day System/GameCycleHandler.cs
  artifactKey: Guid(5b1e173b3a0f3e64c89e8283bce54606) Importer(815301076,1909f56bfc062723c751e8b465ee728b)
Start importing Assets/Scripts/Managment Game/Week And Day System/GameCycleHandler.cs using Guid(5b1e173b3a0f3e64c89e8283bce54606) Importer(815301076,1909f56bfc062723c751e8b465ee728b)  -> (artifact id: '6b3a36ef1c17509238591a036728cee4') in 0.001764 seconds 
========================================================================
Received Import Request.
  Time since last request: 12.771722 seconds.
  path: Assets/Scripts/Managment Game/Week And Day System/GameCycleHandler.cs
  artifactKey: Guid(5b1e173b3a0f3e64c89e8283bce54606) Importer(815301076,1909f56bfc062723c751e8b465ee728b)
Start importing Assets/Scripts/Managment Game/Week And Day System/GameCycleHandler.cs using Guid(5b1e173b3a0f3e64c89e8283bce54606) Importer(815301076,1909f56bfc062723c751e8b465ee728b)  -> (artifact id: 'a4def0881d5242217a736a146d4b52e6') in 0.001860 seconds 
========================================================================
Received Import Request.
  Time since last request: 69.139122 seconds.
  path: Assets/Scripts/Managment Game/Week And Day System/GameCycleHandler.cs
  artifactKey: Guid(5b1e173b3a0f3e64c89e8283bce54606) Importer(815301076,1909f56bfc062723c751e8b465ee728b)
Start importing Assets/Scripts/Managment Game/Week And Day System/GameCycleHandler.cs using Guid(5b1e173b3a0f3e64c89e8283bce54606) Importer(815301076,1909f56bfc062723c751e8b465ee728b)  -> (artifact id: 'f03fbd379d59bcce09418dd01b0d8029') in 0.001688 seconds 
========================================================================
Received Import Request.
  Time since last request: 6.158873 seconds.
  path: Assets/Scripts/Managment Game/Week And Day System/GameCycleHandler.cs
  artifactKey: Guid(5b1e173b3a0f3e64c89e8283bce54606) Importer(815301076,1909f56bfc062723c751e8b465ee728b)
Start importing Assets/Scripts/Managment Game/Week And Day System/GameCycleHandler.cs using Guid(5b1e173b3a0f3e64c89e8283bce54606) Importer(815301076,1909f56bfc062723c751e8b465ee728b)  -> (artifact id: 'd0bce4bf65f38258dc15a5bfe155fdca') in 0.002134 seconds 
========================================================================
Received Import Request.
  Time since last request: 21.966975 seconds.
  path: Assets/Scripts/Managment Game/Week And Day System/GameCycleHandler.cs
  artifactKey: Guid(5b1e173b3a0f3e64c89e8283bce54606) Importer(815301076,1909f56bfc062723c751e8b465ee728b)
Start importing Assets/Scripts/Managment Game/Week And Day System/GameCycleHandler.cs using Guid(5b1e173b3a0f3e64c89e8283bce54606) Importer(815301076,1909f56bfc062723c751e8b465ee728b)  -> (artifact id: '3a5994c9647ea59f79d2ac6b98b193f3') in 0.001719 seconds 
========================================================================
Received Import Request.
  Time since last request: 24.779655 seconds.
  path: Assets/Scripts/Managment Game/Week And Day System/GameCycleHandler.cs
  artifactKey: Guid(5b1e173b3a0f3e64c89e8283bce54606) Importer(815301076,1909f56bfc062723c751e8b465ee728b)
Start importing Assets/Scripts/Managment Game/Week And Day System/GameCycleHandler.cs using Guid(5b1e173b3a0f3e64c89e8283bce54606) Importer(815301076,1909f56bfc062723c751e8b465ee728b)  -> (artifact id: 'df5beb941659a3ba75a32b8af1329e7f') in 0.001993 seconds 
AssetImportWorkerClient::OnTransportError - code=2 error=End of file
